  main.cpp
C:\Users\justi\OneDrive\Documents\GitHub\Wind-Tunnel-Simulator\src\main.cpp(110,15): warning C4244: '=': conversion from 'double' to 'float', possible loss of data
C:\Users\justi\OneDrive\Documents\GitHub\Wind-Tunnel-Simulator\src\main.cpp(114,16): warning C4244: '=': conversion from 'double' to 'float', possible loss of data
C:\Users\justi\OneDrive\Documents\GitHub\Wind-Tunnel-Simulator\src\main.cpp(118,16): warning C4244: '=': conversion from 'double' to 'float', possible loss of data
C:\Users\justi\OneDrive\Documents\GitHub\Wind-Tunnel-Simulator\src\main.cpp(120,15): warning C4244: '=': conversion from 'double' to 'float', possible loss of data
C:\Users\justi\OneDrive\Documents\GitHub\Wind-Tunnel-Simulator\src\main.cpp(181,1): warning C4305: '+=': truncation from 'double' to 'float'
C:\Users\justi\OneDrive\Documents\GitHub\Wind-Tunnel-Simulator\src\main.cpp(185,1): warning C4305: '-=': truncation from 'double' to 'float'
C:\Users\justi\OneDrive\Documents\GitHub\Wind-Tunnel-Simulator\src\main.cpp(211,22): warning C4244: '=': conversion from 'double' to 'int', possible loss of data
C:\Users\justi\OneDrive\Documents\GitHub\Wind-Tunnel-Simulator\src\main.cpp(212,22): warning C4244: '=': conversion from 'double' to 'int', possible loss of data
C:\Users\justi\OneDrive\Documents\GitHub\Wind-Tunnel-Simulator\src\main.cpp(214,49): warning C4244: '=': conversion from 'double' to 'T', possible loss of data
          with
          [
              T=float
          ]
C:\Users\justi\OneDrive\Documents\GitHub\Wind-Tunnel-Simulator\src\main.cpp(215,33): warning C4244: '=': conversion from 'double' to 'T', possible loss of data
          with
          [
              T=float
          ]
C:\Users\justi\OneDrive\Documents\GitHub\Wind-Tunnel-Simulator\src\main.cpp(217,66): warning C4244: '=': conversion from 'double' to 'T', possible loss of data
          with
          [
              T=float
          ]
C:\Users\justi\OneDrive\Documents\GitHub\Wind-Tunnel-Simulator\src\main.cpp(218,50): warning C4244: '=': conversion from 'double' to 'T', possible loss of data
          with
          [
              T=float
          ]
C:\Users\justi\OneDrive\Documents\GitHub\Wind-Tunnel-Simulator\src\main.cpp(222,26): warning C4244: '=': conversion from 'double' to 'int', possible loss of data
C:\Users\justi\OneDrive\Documents\GitHub\Wind-Tunnel-Simulator\src\main.cpp(223,26): warning C4244: '=': conversion from 'double' to 'int', possible loss of data
C:\Users\justi\OneDrive\Documents\GitHub\Wind-Tunnel-Simulator\src\main.cpp(201,9): warning C4101: 'newPt': unreferenced local variable
C:\Users\justi\OneDrive\Documents\GitHub\Wind-Tunnel-Simulator\src\main.cpp(674,19): warning C4244: 'initializing': conversion from 'double' to 'float', possible loss of data
  lab framebuffer.vcxproj -> C:\Users\justi\OneDrive\Documents\GitHub\Wind-Tunnel-Simulator\Debug\lab framebuffer.exe
